<?xml version="1.0" encoding="UTF-8"?>
<!-- Generated by org.testng.reporters.JUnitReportReporter -->
<testsuite hostname="LAPTOP-KQ9V90K9" failures="0" tests="1" name="testCases.TC001_AccountRegistrationTest" time="2.263" errors="0" timestamp="2025-08-04T22:51:40 IST" skipped="0">
  <testcase classname="testCases.TC001_AccountRegistrationTest" name="verify_account_registration" time="2.263"/>
</testsuite> <!-- testCases.TC001_AccountRegistrationTest -->
